{"C:\\Projects\\Online-school\\GeekBrains\\WEB\\7. Diploma\\2Pac\\src\\App.vue": {"path":"C:\\Projects\\Online-school\\GeekBrains\\WEB\\7. Diploma\\2Pac\\src\\App.vue","statementMap":{"0":{"start":{"line":3,"column":22},"end":{"line":7,"column":1}},"1":{"start":{"line":4,"column":2},"end":{"line":6,"column":4}},"2":{"start":{"line":8,"column":0},"end":{"line":10,"column":3}},"3":{"start":{"line":11,"column":14},"end":{"line":11,"column":56}},"4":{"start":{"line":12,"column":22},"end":{"line":12,"column":83}},"5":{"start":{"line":13,"column":20},"end":{"line":13,"column":77}},"6":{"start":{"line":14,"column":22},"end":{"line":14,"column":83}},"7":{"start":{"line":15,"column":19},"end":{"line":15,"column":40}},"8":{"start":{"line":16,"column":12},"end":{"line":16,"column":26}},"9":{"start":{"line":17,"column":0},"end":{"line":37,"column":2}},"10":{"start":{"line":25,"column":16},"end":{"line":25,"column":44}},"11":{"start":{"line":26,"column":20},"end":{"line":31,"column":6}},"12":{"start":{"line":27,"column":6},"end":{"line":29,"column":7}},"13":{"start":{"line":28,"column":8},"end":{"line":28,"column":21}},"14":{"start":{"line":30,"column":6},"end":{"line":30,"column":40}},"15":{"start":{"line":32,"column":4},"end":{"line":34,"column":6}},"16":{"start":{"line":38,"column":0},"end":{"line":38,"column":13}},"17":{"start":{"line":39,"column":0},"end":{"line":39,"column":62}},"18":{"start":{"line":40,"column":0},"end":{"line":40,"column":24}},"19":{"start":{"line":41,"column":12},"end":{"line":41,"column":26}},"20":{"start":{"line":43,"column":31},"end":{"line":43,"column":71}},"21":{"start":{"line":44,"column":29},"end":{"line":44,"column":67}},"22":{"start":{"line":45,"column":31},"end":{"line":45,"column":71}},"23":{"start":{"line":46,"column":4},"end":{"line":52,"column":23}},"24":{"start":{"line":54,"column":0},"end":{"line":54,"column":24}},"25":{"start":{"line":55,"column":1},"end":{"line":55,"column":48}}},"fnMap":{"0":{"name":"(anonymous_0)","decl":{"start":{"line":3,"column":54},"end":{"line":3,"column":55}},"loc":{"start":{"line":3,"column":69},"end":{"line":7,"column":1}},"line":3},"1":{"name":"(anonymous_1)","decl":{"start":{"line":24,"column":9},"end":{"line":24,"column":10}},"loc":{"start":{"line":24,"column":21},"end":{"line":35,"column":3}},"line":24},"2":{"name":"(anonymous_2)","decl":{"start":{"line":26,"column":40},"end":{"line":26,"column":41}},"loc":{"start":{"line":26,"column":52},"end":{"line":31,"column":5}},"line":26},"3":{"name":"render","decl":{"start":{"line":42,"column":9},"end":{"line":42,"column":15}},"loc":{"start":{"line":42,"column":30},"end":{"line":53,"column":1}},"line":42}},"branchMap":{"0":{"loc":{"start":{"line":3,"column":22},"end":{"line":7,"column":1}},"type":"binary-expr","locations":[{"start":{"line":3,"column":22},"end":{"line":3,"column":26}},{"start":{"line":3,"column":30},"end":{"line":3,"column":50}},{"start":{"line":3,"column":54},"end":{"line":7,"column":1}}],"line":3},"1":{"loc":{"start":{"line":4,"column":9},"end":{"line":6,"column":3}},"type":"cond-expr","locations":[{"start":{"line":4,"column":33},"end":{"line":4,"column":36}},{"start":{"line":4,"column":39},"end":{"line":6,"column":3}}],"line":4},"2":{"loc":{"start":{"line":4,"column":9},"end":{"line":4,"column":30}},"type":"binary-expr","locations":[{"start":{"line":4,"column":9},"end":{"line":4,"column":12}},{"start":{"line":4,"column":16},"end":{"line":4,"column":30}}],"line":4},"3":{"loc":{"start":{"line":27,"column":6},"end":{"line":29,"column":7}},"type":"if","locations":[{"start":{"line":27,"column":6},"end":{"line":29,"column":7}},{"start":{},"end":{}}],"line":27},"4":{"loc":{"start":{"line":27,"column":10},"end":{"line":27,"column":57}},"type":"binary-expr","locations":[{"start":{"line":27,"column":10},"end":{"line":27,"column":29}},{"start":{"line":27,"column":33},"end":{"line":27,"column":57}}],"line":27}},"s":{"0":1,"1":4,"2":1,"3":1,"4":1,"5":1,"6":1,"7":1,"8":1,"9":1,"10":2,"11":2,"12":4,"13":2,"14":2,"15":2,"16":1,"17":1,"18":1,"19":1,"20":4,"21":4,"22":4,"23":4,"24":1,"25":1},"f":{"0":4,"1":2,"2":4,"3":4},"b":{"0":[1,1,1],"1":[1,3],"2":[4,4],"3":[2,2],"4":[4,4]},"inputSourceMap":{"0":"{","1":"\"","2":"v","3":"e","4":"r","5":"s","6":"i","7":"o","8":"n","9":"\"","10":":","11":"3","12":",","13":"\"","14":"s","15":"o","16":"u","17":"r","18":"c","19":"e","20":"s","21":"\"","22":":","23":"[","24":"\"","25":"C","26":":","27":"\\","28":"\\","29":"P","30":"r","31":"o","32":"j","33":"e","34":"c","35":"t","36":"s","37":"\\","38":"\\","39":"O","40":"n","41":"l","42":"i","43":"n","44":"e","45":"-","46":"s","47":"c","48":"h","49":"o","50":"o","51":"l","52":"\\","53":"\\","54":"G","55":"e","56":"e","57":"k","58":"B","59":"r","60":"a","61":"i","62":"n","63":"s","64":"\\","65":"\\","66":"W","67":"E","68":"B","69":"\\","70":"\\","71":"7","72":".","73":" ","74":"D","75":"i","76":"p","77":"l","78":"o","79":"m","80":"a","81":"\\","82":"\\","83":"2","84":"P","85":"a","86":"c","87":"\\","88":"\\","89":"s","90":"r","91":"c","92":"\\","93":"\\","94":"A","95":"p","96":"p","97":".","98":"v","99":"u","100":"e","101":"\"","102":"]","103":",","104":"\"","105":"n","106":"a","107":"m","108":"e","109":"s","110":"\"","111":":","112":"[","113":"]","114":",","115":"\"","116":"m","117":"a","118":"p","119":"p","120":"i","121":"n","122":"g","123":"s","124":"\"","125":":","126":"\"","127":";","128":";","129":";","130":";","131":";","132":";","133":";","134":";","135":";","136":";","137":"A","138":"A","139":"Q","140":"A","141":";","142":"A","143":"A","144":"C","145":"A","146":";","147":"A","148":"A","149":"C","150":"A","151":";","152":"A","153":"A","154":"C","155":"A","156":";","157":"A","158":"A","159":"C","160":"A","161":";","162":"A","163":"A","164":"C","165":"A","166":";","167":"A","168":"A","169":"E","170":"A","171":",","172":"k","173":"B","174":"A","175":"A","176":"e","177":";","178":"E","179":"A","180":"C","181":"b","182":",","183":"I","184":"A","185":"A","186":"I","187":",","188":"E","189":"A","190":"A","191":"E","192":",","193":"K","194":"A","195":"A","196":"K","197":";","198":"E","199":"A","200":"C","201":"X","202":",","203":"U","204":"A","205":"A","206":"U","207":",","208":"E","209":"A","210":"A","211":"E","212":";","213":"I","214":"A","215":"C","216":"V","217":",","218":"S","219":"A","220":"A","221":"S","222":";","223":"I","224":"A","225":"C","226":"T","227":",","228":"O","229":"A","230":"A","231":"O","232":";","233":"I","234":"A","235":"C","236":"P","237":",","238":"S","239":"A","240":"A","241":"S","242":";","243":"G","244":"A","245":"C","246":"V","247":";","248":"E","249":"A","250":"C","251":"D","252":",","253":"K","254":"A","255":"A","256":"K","257":";","258":"I","259":"A","260":"C","261":"H","262":",","263":"I","264":"A","265":"A","266":"M","267":",","268":"K","269":"A","270":"A","271":"K","272":",","273":"G","274":"A","275":"A","276":"G","277":",","278":"y","279":"B","280":"A","281":"A","282":"Q","283":",","284":"G","285":"A","286":"A","287":"E","288":";","289":"I","290":"A","291":"E","292":"x","293":"B","294":",","295":"I","296":"A","297":"A","298":"M","299":",","300":"S","301":"A","302":"A","303":"S","304":",","305":"G","306":"A","307":"A","308":"G","309":",","310":"k","311":"B","312":"A","313":"A","314":"Q","315":",","316":"E","317":"A","318":"A","319":"C","320":";","321":"M","322":"A","323":"C","324":"z","325":"B","326":",","327":"I","328":"A","329":"A","330":"I","331":",","332":"K","333":"A","334":"A","335":"K","336":",","337":"C","338":"A","339":"A","340":"C","341":",","342":"I","343":"A","344":"A","345":"I","346":",","347":"K","348":"A","349":"A","350":"K","351":",","352":"I","353":"A","354":"A","355":"I","356":",","357":"I","358":"A","359":"A","360":"I","361":",","362":"K","363":"A","364":"A","365":"K","366":",","367":"C","368":"A","369":"A","370":"C","371":",","372":"I","373":"A","374":"A","375":"I","376":",","377":"K","378":"A","379":"A","380":"K","381":",","382":"S","383":"A","384":"A","385":"S","386":",","387":"E","388":"A","389":"A","390":"E","391":";","392":"Q","393":"A","394":"C","395":"n","396":"D","397":",","398":"O","399":"A","400":"A","401":"O","402":",","403":"K","404":"A","405":"A","406":"K","407":";","408":";","409":"M","410":"A","411":"E","412":"d","413":",","414":"O","415":"A","416":"A","417":"O","418":",","419":"K","420":"A","421":"A","422":"K","423":",","424":"C","425":"A","426":"A","427":"C","428":",","429":"I","430":"A","431":"A","432":"I","433":",","434":"K","435":"A","436":"A","437":"K","438":",","439":"W","440":"A","441":"A","442":"W","443":";","444":"I","445":"A","446":"C","447":"n","448":"C","449":",","450":"C","451":"A","452":"A","453":"C","454":",","455":"C","456":"A","457":"A","458":"C","459":";","460":"I","461":"A","462":"E","463":"F","464":",","465":"O","466":"A","467":"A","468":"O","469":";","470":"M","471":"A","472":"A","473":"E","474":",","475":"S","476":"A","477":"A","478":"S","479":";","480":"I","481":"A","482":"A","483":"A","484":",","485":"C","486":"A","487":"A","488":"E","489":";","490":"E","491":"A","492":"C","493":"t","494":"B","495":",","496":"C","497":"A","498":"A","499":"C","500":";","501":"E","502":"A","503":"C","504":"D","505":",","506":"K","507":"A","508":"A","509":"K","510":";","511":"C","512":"A","513":"C","514":"N","515":"\"","516":",","517":"\"","518":"f","519":"i","520":"l","521":"e","522":"\"","523":":","524":"\"","525":"C","526":":","527":"\\","528":"\\","529":"P","530":"r","531":"o","532":"j","533":"e","534":"c","535":"t","536":"s","537":"\\","538":"\\","539":"O","540":"n","541":"l","542":"i","543":"n","544":"e","545":"-","546":"s","547":"c","548":"h","549":"o","550":"o","551":"l","552":"\\","553":"\\","554":"G","555":"e","556":"e","557":"k","558":"B","559":"r","560":"a","561":"i","562":"n","563":"s","564":"\\","565":"\\","566":"W","567":"E","568":"B","569":"\\","570":"\\","571":"7","572":".","573":" ","574":"D","575":"i","576":"p","577":"l","578":"o","579":"m","580":"a","581":"\\","582":"\\","583":"2","584":"P","585":"a","586":"c","587":"\\","588":"\\","589":"s","590":"r","591":"c","592":"\\","593":"\\","594":"A","595":"p","596":"p","597":".","598":"v","599":"u","600":"e","601":"\"","602":",","603":"\"","604":"s","605":"o","606":"u","607":"r","608":"c","609":"e","610":"s","611":"C","612":"o","613":"n","614":"t","615":"e","616":"n","617":"t","618":"\"","619":":","620":"[","621":"\"","622":"<","623":"t","624":"e","625":"m","626":"p","627":"l","628":"a","629":"t","630":"e","631":" ","632":"l","633":"a","634":"n","635":"g","636":"=","637":"\\","638":"\"","639":"p","640":"u","641":"g","642":"\\","643":"\"","644":">","645":"\\","646":"n","647":".","648":"p","649":"a","650":"g","651":"e","652":"(","653":":","654":"c","655":"l","656":"a","657":"s","658":"s","659":"=","660":"\\","661":"\"","662":"{","663":"'","664":"p","665":"a","666":"g","667":"e","668":"-","669":"4","670":"0","671":"4","672":"'","673":":","674":" ","675":"i","676":"s","677":"4","678":"0","679":"4","680":"P","681":"a","682":"g","683":"e","684":"}","685":"\\","686":"\"","687":")","688":"\\","689":"n","690":" ","691":" ","692":"A","693":"p","694":"p","695":"H","696":"e","697":"a","698":"d","699":"e","700":"r","701":"\\","702":"n","703":" ","704":" ","705":"A","706":"p","707":"p","708":"M","709":"a","710":"i","711":"n","712":"\\","713":"n","714":" ","715":" ","716":"A","717":"p","718":"p","719":"F","720":"o","721":"o","722":"t","723":"e","724":"r","725":"\\","726":"n","727":"<","728":"/","729":"t","730":"e","731":"m","732":"p","733":"l","734":"a","735":"t","736":"e","737":">","738":"\\","739":"n","740":"\\","741":"n","742":"<","743":"s","744":"c","745":"r","746":"i","747":"p","748":"t","749":" ","750":"l","751":"a","752":"n","753":"g","754":"=","755":"\\","756":"\"","757":"t","758":"s","759":"\\","760":"\"","761":">","762":"\\","763":"n","764":"i","765":"m","766":"p","767":"o","768":"r","769":"t","770":" ","771":"s","772":"t","773":"o","774":"r","775":"e","776":" ","777":"f","778":"r","779":"o","780":"m","781":" ","782":"\\","783":"\"","784":"@","785":"/","786":"s","787":"t","788":"o","789":"r","790":"e","791":"s","792":"/","793":"s","794":"t","795":"o","796":"r","797":"e","798":"\\","799":"\"","800":";","801":"\\","802":"n","803":"i","804":"m","805":"p","806":"o","807":"r","808":"t","809":" ","810":"A","811":"p","812":"p","813":"H","814":"e","815":"a","816":"d","817":"e","818":"r","819":" ","820":"f","821":"r","822":"o","823":"m","824":" ","825":"\\","826":"\"","827":"@","828":"/","829":"c","830":"o","831":"m","832":"p","833":"o","834":"n","835":"e","836":"n","837":"t","838":"s","839":"/","840":"H","841":"e","842":"a","843":"d","844":"e","845":"r","846":"/","847":"A","848":"p","849":"p","850":"H","851":"e","852":"a","853":"d","854":"e","855":"r","856":".","857":"v","858":"u","859":"e","860":"\\","861":"\"","862":";","863":"\\","864":"n","865":"i","866":"m","867":"p","868":"o","869":"r","870":"t","871":" ","872":"A","873":"p","874":"p","875":"M","876":"a","877":"i","878":"n","879":" ","880":"f","881":"r","882":"o","883":"m","884":" ","885":"\\","886":"\"","887":"@","888":"/","889":"c","890":"o","891":"m","892":"p","893":"o","894":"n","895":"e","896":"n","897":"t","898":"s","899":"/","900":"M","901":"a","902":"i","903":"n","904":"/","905":"A","906":"p","907":"p","908":"M","909":"a","910":"i","911":"n","912":".","913":"v","914":"u","915":"e","916":"\\","917":"\"","918":";","919":"\\","920":"n","921":"i","922":"m","923":"p","924":"o","925":"r","926":"t","927":" ","928":"A","929":"p","930":"p","931":"F","932":"o","933":"o","934":"t","935":"e","936":"r","937":" ","938":"f","939":"r","940":"o","941":"m","942":" ","943":"\\","944":"\"","945":"@","946":"/","947":"c","948":"o","949":"m","950":"p","951":"o","952":"n","953":"e","954":"n","955":"t","956":"s","957":"/","958":"F","959":"o","960":"o","961":"t","962":"e","963":"r","964":"/","965":"A","966":"p","967":"p","968":"F","969":"o","970":"o","971":"t","972":"e","973":"r","974":".","975":"v","976":"u","977":"e","978":"\\","979":"\"","980":";","981":"\\","982":"n","983":"i","984":"m","985":"p","986":"o","987":"r","988":"t","989":" ","990":"{","991":" ","992":"u","993":"s","994":"e","995":"R","996":"o","997":"u","998":"t","999":"e","1000":" ","1001":"}","1002":" ","1003":"f","1004":"r","1005":"o","1006":"m","1007":" ","1008":"\\","1009":"\"","1010":"v","1011":"u","1012":"e","1013":"-","1014":"r","1015":"o","1016":"u","1017":"t","1018":"e","1019":"r","1020":"\\","1021":"\"","1022":";","1023":"\\","1024":"n","1025":"i","1026":"m","1027":"p","1028":"o","1029":"r","1030":"t","1031":" ","1032":"{","1033":" ","1034":"c","1035":"o","1036":"m","1037":"p","1038":"u","1039":"t","1040":"e","1041":"d","1042":" ","1043":"}","1044":" ","1045":"f","1046":"r","1047":"o","1048":"m","1049":" ","1050":"\\","1051":"\"","1052":"v","1053":"u","1054":"e","1055":"\\","1056":"\"","1057":";","1058":"\\","1059":"n","1060":"\\","1061":"n","1062":"e","1063":"x","1064":"p","1065":"o","1066":"r","1067":"t","1068":" ","1069":"d","1070":"e","1071":"f","1072":"a","1073":"u","1074":"l","1075":"t","1076":" ","1077":"{","1078":"\\","1079":"n","1080":" ","1081":" ","1082":"n","1083":"a","1084":"m","1085":"e","1086":":","1087":" ","1088":"\\","1089":"\"","1090":"A","1091":"p","1092":"p","1093":"\\","1094":"\"","1095":",","1096":"\\","1097":"n","1098":" ","1099":" ","1100":"c","1101":"o","1102":"m","1103":"p","1104":"o","1105":"n","1106":"e","1107":"n","1108":"t","1109":"s","1110":":","1111":" ","1112":"{","1113":"\\","1114":"n","1115":" ","1116":" ","1117":" ","1118":" ","1119":"A","1120":"p","1121":"p","1122":"H","1123":"e","1124":"a","1125":"d","1126":"e","1127":"r","1128":",","1129":"\\","1130":"n","1131":" ","1132":" ","1133":" ","1134":" ","1135":"A","1136":"p","1137":"p","1138":"M","1139":"a","1140":"i","1141":"n","1142":",","1143":"\\","1144":"n","1145":" ","1146":" ","1147":" ","1148":" ","1149":"A","1150":"p","1151":"p","1152":"F","1153":"o","1154":"o","1155":"t","1156":"e","1157":"r","1158":",","1159":"\\","1160":"n","1161":" ","1162":" ","1163":"}","1164":",","1165":"\\","1166":"n","1167":" ","1168":" ","1169":"s","1170":"e","1171":"t","1172":"u","1173":"p","1174":"(","1175":")","1176":" ","1177":"{","1178":"\\","1179":"n","1180":" ","1181":" ","1182":" ","1183":" ","1184":"c","1185":"o","1186":"n","1187":"s","1188":"t","1189":" ","1190":"r","1191":"o","1192":"u","1193":"t","1194":"e","1195":" ","1196":"=","1197":" ","1198":"u","1199":"s","1200":"e","1201":"R","1202":"o","1203":"u","1204":"t","1205":"e","1206":"(","1207":")","1208":";","1209":"\\","1210":"n","1211":"\\","1212":"n","1213":" ","1214":" ","1215":" ","1216":" ","1217":"c","1218":"o","1219":"n","1220":"s","1221":"t","1222":" ","1223":"i","1224":"s","1225":"4","1226":"0","1227":"4","1228":"P","1229":"a","1230":"g","1231":"e","1232":" ","1233":"=","1234":" ","1235":"c","1236":"o","1237":"m","1238":"p","1239":"u","1240":"t","1241":"e","1242":"d","1243":"(","1244":"(","1245":")","1246":" ","1247":"=","1248":">","1249":" ","1250":"{","1251":"\\","1252":"n","1253":" ","1254":" ","1255":" ","1256":" ","1257":" ","1258":" ","1259":"i","1260":"f","1261":" ","1262":"(","1263":"r","1264":"o","1265":"u","1266":"t","1267":"e","1268":".","1269":"n","1270":"a","1271":"m","1272":"e","1273":" ","1274":"=","1275":"=","1276":"=","1277":" ","1278":"n","1279":"u","1280":"l","1281":"l","1282":" ","1283":"|","1284":"|","1285":" ","1286":"r","1287":"o","1288":"u","1289":"t","1290":"e","1291":".","1292":"n","1293":"a","1294":"m","1295":"e","1296":" ","1297":"=","1298":"=","1299":"=","1300":" ","1301":"u","1302":"n","1303":"d","1304":"e","1305":"f","1306":"i","1307":"n","1308":"e","1309":"d","1310":")","1311":" ","1312":"{","1313":"\\","1314":"n","1315":" ","1316":" ","1317":" ","1318":" ","1319":" ","1320":" ","1321":" ","1322":" ","1323":"r","1324":"e","1325":"t","1326":"u","1327":"r","1328":"n","1329":" ","1330":"f","1331":"a","1332":"l","1333":"s","1334":"e","1335":";","1336":"\\","1337":"n","1338":" ","1339":" ","1340":" ","1341":" ","1342":" ","1343":" ","1344":"}","1345":"\\","1346":"n","1347":" ","1348":" ","1349":" ","1350":" ","1351":" ","1352":" ","1353":"r","1354":"e","1355":"t","1356":"u","1357":"r","1358":"n","1359":" ","1360":"r","1361":"o","1362":"u","1363":"t","1364":"e","1365":".","1366":"n","1367":"a","1368":"m","1369":"e","1370":" ","1371":"=","1372":"=","1373":"=","1374":" ","1375":"\\","1376":"\"","1377":"n","1378":"o","1379":"t","1380":"-","1381":"f","1382":"o","1383":"u","1384":"n","1385":"d","1386":"\\","1387":"\"","1388":";","1389":"\\","1390":"n","1391":" ","1392":" ","1393":" ","1394":" ","1395":"}","1396":")","1397":";","1398":"\\","1399":"n","1400":"\\","1401":"n","1402":" ","1403":" ","1404":" ","1405":" ","1406":"r","1407":"e","1408":"t","1409":"u","1410":"r","1411":"n","1412":" ","1413":"{","1414":" ","1415":"i","1416":"s","1417":"4","1418":"0","1419":"4","1420":"P","1421":"a","1422":"g","1423":"e","1424":" ","1425":"}","1426":";","1427":"\\","1428":"n","1429":" ","1430":" ","1431":"}","1432":",","1433":"\\","1434":"n","1435":" ","1436":" ","1437":"s","1438":"t","1439":"o","1440":"r","1441":"e","1442":",","1443":"\\","1444":"n","1445":"}","1446":";","1447":"\\","1448":"n","1449":"<","1450":"/","1451":"s","1452":"c","1453":"r","1454":"i","1455":"p","1456":"t","1457":">","1458":"\\","1459":"n","1460":"\\","1461":"n","1462":"<","1463":"s","1464":"t","1465":"y","1466":"l","1467":"e","1468":" ","1469":"l","1470":"a","1471":"n","1472":"g","1473":"=","1474":"\\","1475":"\"","1476":"s","1477":"a","1478":"s","1479":"s","1480":"\\","1481":"\"","1482":">","1483":"\\","1484":"n","1485":"@","1486":"i","1487":"m","1488":"p","1489":"o","1490":"r","1491":"t","1492":" ","1493":"\\","1494":"\"","1495":"@","1496":"/","1497":"a","1498":"s","1499":"s","1500":"e","1501":"t","1502":"s","1503":"/","1504":"s","1505":"a","1506":"s","1507":"s","1508":"/","1509":"s","1510":"t","1511":"y","1512":"l","1513":"e","1514":".","1515":"c","1516":"s","1517":"s","1518":"\\","1519":"\"","1520":"\\","1521":"n","1522":"<","1523":"/","1524":"s","1525":"t","1526":"y","1527":"l","1528":"e","1529":">","1530":"\\","1531":"n","1532":"\"","1533":"]","1534":"}"},"_coverageSchema":"1a1c01bbd47fc00a2c39e90264f33305004495a9","hash":"2921c1c94d1038c855014cb9d3c61ec5aec6b0e0"}
,"C:\\Projects\\Online-school\\GeekBrains\\WEB\\7. Diploma\\2Pac\\src\\components\\Footer\\AppFooter.vue": {"path":"C:\\Projects\\Online-school\\GeekBrains\\WEB\\7. Diploma\\2Pac\\src\\components\\Footer\\AppFooter.vue","statementMap":{"0":{"start":{"line":3,"column":22},"end":{"line":7,"column":1}},"1":{"start":{"line":4,"column":2},"end":{"line":6,"column":4}},"2":{"start":{"line":8,"column":0},"end":{"line":10,"column":3}},"3":{"start":{"line":11,"column":12},"end":{"line":11,"column":26}},"4":{"start":{"line":12,"column":17},"end":{"line":12,"column":73}},"5":{"start":{"line":13,"column":22},"end":{"line":13,"column":88}},"6":{"start":{"line":14,"column":26},"end":{"line":14,"column":70}},"7":{"start":{"line":15,"column":0},"end":{"line":30,"column":3}},"8":{"start":{"line":22,"column":25},"end":{"line":22,"column":69}},"9":{"start":{"line":23,"column":24},"end":{"line":25,"column":6}},"10":{"start":{"line":24,"column":6},"end":{"line":24,"column":45}},"11":{"start":{"line":26,"column":4},"end":{"line":28,"column":6}},"12":{"start":{"line":31,"column":0},"end":{"line":31,"column":13}},"13":{"start":{"line":32,"column":0},"end":{"line":32,"column":62}},"14":{"start":{"line":33,"column":0},"end":{"line":33,"column":24}},"15":{"start":{"line":34,"column":12},"end":{"line":34,"column":26}},"16":{"start":{"line":35,"column":17},"end":{"line":35,"column":36}},"17":{"start":{"line":36,"column":17},"end":{"line":36,"column":57}},"18":{"start":{"line":37,"column":17},"end":{"line":37,"column":42}},"19":{"start":{"line":38,"column":17},"end":{"line":38,"column":47}},"20":{"start":{"line":40,"column":26},"end":{"line":40,"column":61}},"21":{"start":{"line":41,"column":31},"end":{"line":41,"column":71}},"22":{"start":{"line":42,"column":4},"end":{"line":51,"column":8}},"23":{"start":{"line":53,"column":0},"end":{"line":53,"column":24}},"24":{"start":{"line":54,"column":1},"end":{"line":54,"column":48}}},"fnMap":{"0":{"name":"(anonymous_0)","decl":{"start":{"line":3,"column":54},"end":{"line":3,"column":55}},"loc":{"start":{"line":3,"column":69},"end":{"line":7,"column":1}},"line":3},"1":{"name":"(anonymous_1)","decl":{"start":{"line":21,"column":9},"end":{"line":21,"column":10}},"loc":{"start":{"line":21,"column":21},"end":{"line":29,"column":3}},"line":21},"2":{"name":"(anonymous_2)","decl":{"start":{"line":23,"column":44},"end":{"line":23,"column":45}},"loc":{"start":{"line":23,"column":56},"end":{"line":25,"column":5}},"line":23},"3":{"name":"render","decl":{"start":{"line":39,"column":9},"end":{"line":39,"column":15}},"loc":{"start":{"line":39,"column":30},"end":{"line":52,"column":1}},"line":39}},"branchMap":{"0":{"loc":{"start":{"line":3,"column":22},"end":{"line":7,"column":1}},"type":"binary-expr","locations":[{"start":{"line":3,"column":22},"end":{"line":3,"column":26}},{"start":{"line":3,"column":30},"end":{"line":3,"column":50}},{"start":{"line":3,"column":54},"end":{"line":7,"column":1}}],"line":3},"1":{"loc":{"start":{"line":4,"column":9},"end":{"line":6,"column":3}},"type":"cond-expr","locations":[{"start":{"line":4,"column":33},"end":{"line":4,"column":36}},{"start":{"line":4,"column":39},"end":{"line":6,"column":3}}],"line":4},"2":{"loc":{"start":{"line":4,"column":9},"end":{"line":4,"column":30}},"type":"binary-expr","locations":[{"start":{"line":4,"column":9},"end":{"line":4,"column":12}},{"start":{"line":4,"column":16},"end":{"line":4,"column":30}}],"line":4}},"s":{"0":1,"1":2,"2":1,"3":1,"4":1,"5":1,"6":1,"7":1,"8":3,"9":3,"10":3,"11":3,"12":1,"13":1,"14":1,"15":1,"16":1,"17":1,"18":1,"19":1,"20":3,"21":3,"22":3,"23":1,"24":1},"f":{"0":2,"1":3,"2":3,"3":3},"b":{"0":[1,1,1],"1":[0,2],"2":[2,2]},"inputSourceMap":{"0":"{","1":"\"","2":"v","3":"e","4":"r","5":"s","6":"i","7":"o","8":"n","9":"\"","10":":","11":"3","12":",","13":"\"","14":"s","15":"o","16":"u","17":"r","18":"c","19":"e","20":"s","21":"\"","22":":","23":"[","24":"\"","25":"C","26":":","27":"\\","28":"\\","29":"P","30":"r","31":"o","32":"j","33":"e","34":"c","35":"t","36":"s","37":"\\","38":"\\","39":"O","40":"n","41":"l","42":"i","43":"n","44":"e","45":"-","46":"s","47":"c","48":"h","49":"o","50":"o","51":"l","52":"\\","53":"\\","54":"G","55":"e","56":"e","57":"k","58":"B","59":"r","60":"a","61":"i","62":"n","63":"s","64":"\\","65":"\\","66":"W","67":"E","68":"B","69":"\\","70":"\\","71":"7","72":".","73":" ","74":"D","75":"i","76":"p","77":"l","78":"o","79":"m","80":"a","81":"\\","82":"\\","83":"2","84":"P","85":"a","86":"c","87":"\\","88":"\\","89":"s","90":"r","91":"c","92":"\\","93":"\\","94":"c","95":"o","96":"m","97":"p","98":"o","99":"n","100":"e","101":"n","102":"t","103":"s","104":"\\","105":"\\","106":"F","107":"o","108":"o","109":"t","110":"e","111":"r","112":"\\","113":"\\","114":"A","115":"p","116":"p","117":"F","118":"o","119":"o","120":"t","121":"e","122":"r","123":".","124":"v","125":"u","126":"e","127":"\"","128":"]","129":",","130":"\"","131":"n","132":"a","133":"m","134":"e","135":"s","136":"\"","137":":","138":"[","139":"]","140":",","141":"\"","142":"m","143":"a","144":"p","145":"p","146":"i","147":"n","148":"g","149":"s","150":"\"","151":":","152":"\"","153":";","154":";","155":";","156":";","157":";","158":";","159":";","160":";","161":";","162":";","163":"A","164":"A","165":"U","166":"A","167":";","168":"A","169":"A","170":"C","171":"A","172":";","173":"A","174":"A","175":"C","176":"A","177":";","178":"A","179":"A","180":"C","181":"A","182":";","183":"A","184":"A","185":"E","186":"A","187":",","188":"k","189":"B","190":"A","191":"A","192":"e","193":",","194":"y","195":"B","196":"A","197":"A","198":"e","199":",","200":"E","201":"A","202":"A","203":"C","204":";","205":"E","206":"A","207":"C","208":"7","209":"B","210":",","211":"I","212":"A","213":"A","214":"I","215":",","216":"E","217":"A","218":"A","219":"E","220":",","221":"W","222":"A","223":"A","224":"W","225":";","226":"E","227":"A","228":"C","229":"j","230":"B","231":",","232":"U","233":"A","234":"A","235":"U","236":",","237":"E","238":"A","239":"A","240":"E","241":";","242":"I","243":"A","244":"C","245":"V","246":",","247":"I","248":"A","249":"A","250":"I","251":";","252":"I","253":"A","254":"C","255":"J","256":",","257":"S","258":"A","259":"A","260":"S","261":";","262":"G","263":"A","264":"C","265":"V","266":";","267":"E","268":"A","269":"C","270":"D","271":",","272":"K","273":"A","274":"A","275":"K","276":";","277":"I","278":"A","279":"C","280":"H","281":",","282":"I","283":"A","284":"A","285":"M","286":",","287":"c","288":"A","289":"A","290":"c","291":",","292":"G","293":"A","294":"A","295":"G","296":",","297":"y","298":"C","299":"A","300":"A","301":"i","302":"B","303":",","304":"G","305":"A","306":"A","307":"E","308":";","309":"I","310":"A","311":"C","312":"1","313":"C","314":",","315":"I","316":"A","317":"A","318":"M","319":",","320":"a","321":"A","322":"A","323":"a","324":",","325":"G","326":"A","327":"A","328":"G","329":",","330":"k","331":"B","332":"A","333":"A","334":"Q","335":",","336":"E","337":"A","338":"A","339":"C","340":";","341":"M","342":"A","343":"A","344":"M","345":",","346":"q","347":"B","348":"A","349":"A","350":"c","351":",","352":"C","353":"A","354":"A","355":"C","356":",","357":"g","358":"B","359":"A","360":"A","361":"g","362":"B","363":";","364":"I","365":"A","366":"A","367":"/","368":"B","369":",","370":"C","371":"A","372":"A","373":"+","374":"B","375":",","376":"C","377":"A","378":"A","379":"C","380":";","381":"I","382":"A","383":"E","384":"r","385":"E","386":",","387":"O","388":"A","389":"A","390":"O","391":";","392":"M","393":"A","394":"C","395":"L","396":",","397":"a","398":"A","399":"A","400":"a","401":";","402":"K","403":"A","404":"C","405":"d","406":";","407":"E","408":"A","409":"C","410":"H","411":";","412":"C","413":"A","414":"C","415":"D","416":",","417":"C","418":"A","419":"A","420":"C","421":"\"","422":",","423":"\"","424":"f","425":"i","426":"l","427":"e","428":"\"","429":":","430":"\"","431":"C","432":":","433":"\\","434":"\\","435":"P","436":"r","437":"o","438":"j","439":"e","440":"c","441":"t","442":"s","443":"\\","444":"\\","445":"O","446":"n","447":"l","448":"i","449":"n","450":"e","451":"-","452":"s","453":"c","454":"h","455":"o","456":"o","457":"l","458":"\\","459":"\\","460":"G","461":"e","462":"e","463":"k","464":"B","465":"r","466":"a","467":"i","468":"n","469":"s","470":"\\","471":"\\","472":"W","473":"E","474":"B","475":"\\","476":"\\","477":"7","478":".","479":" ","480":"D","481":"i","482":"p","483":"l","484":"o","485":"m","486":"a","487":"\\","488":"\\","489":"2","490":"P","491":"a","492":"c","493":"\\","494":"\\","495":"s","496":"r","497":"c","498":"\\","499":"\\","500":"c","501":"o","502":"m","503":"p","504":"o","505":"n","506":"e","507":"n","508":"t","509":"s","510":"\\","511":"\\","512":"F","513":"o","514":"o","515":"t","516":"e","517":"r","518":"\\","519":"\\","520":"A","521":"p","522":"p","523":"F","524":"o","525":"o","526":"t","527":"e","528":"r","529":".","530":"v","531":"u","532":"e","533":"\"","534":",","535":"\"","536":"s","537":"o","538":"u","539":"r","540":"c","541":"e","542":"s","543":"C","544":"o","545":"n","546":"t","547":"e","548":"n","549":"t","550":"\"","551":":","552":"[","553":"\"","554":"<","555":"t","556":"e","557":"m","558":"p","559":"l","560":"a","561":"t","562":"e","563":" ","564":"l","565":"a","566":"n","567":"g","568":"=","569":"\\","570":"\"","571":"p","572":"u","573":"g","574":"\\","575":"\"","576":">","577":"\\","578":"n","579":"f","580":"o","581":"o","582":"t","583":"e","584":"r","585":".","586":"f","587":"o","588":"o","589":"t","590":"e","591":"r","592":"\\","593":"n","594":" ","595":" ","596":".","597":"c","598":"o","599":"n","600":"t","601":"a","602":"i","603":"n","604":"e","605":"r","606":".","607":"f","608":"o","609":"o","610":"t","611":"e","612":"r","613":"_","614":"_","615":"c","616":"o","617":"n","618":"t","619":"a","620":"i","621":"n","622":"e","623":"r","624":"\\","625":"n","626":" ","627":" ","628":" ","629":" ","630":".","631":"f","632":"o","633":"o","634":"t","635":"e","636":"r","637":"_","638":"_","639":"l","640":"o","641":"g","642":"o","643":"\\","644":"n","645":" ","646":" ","647":" ","648":" ","649":" ","650":" ","651":"L","652":"o","653":"g","654":"o","655":"\\","656":"n","657":" ","658":" ","659":" ","660":" ","661":".","662":"f","663":"o","664":"o","665":"t","666":"e","667":"r","668":"_","669":"_","670":"c","671":"o","672":"p","673":"y","674":"r","675":"i","676":"g","677":"h","678":"t","679":"\\","680":"n","681":" ","682":" ","683":" ","684":" ","685":" ","686":" ","687":"C","688":"o","689":"p","690":"y","691":"r","692":"i","693":"g","694":"h","695":"t","696":"(","697":":","698":"c","699":"o","700":"p","701":"y","702":"r","703":"i","704":"g","705":"h","706":"t","707":"=","708":"\\","709":"\"","710":"c","711":"o","712":"p","713":"y","714":"r","715":"i","716":"g","717":"h","718":"t","719":"I","720":"t","721":"e","722":"m","723":"\\","724":"\"","725":")","726":"\\","727":"n","728":"<","729":"/","730":"t","731":"e","732":"m","733":"p","734":"l","735":"a","736":"t","737":"e","738":">","739":"\\","740":"n","741":"\\","742":"n","743":"<","744":"s","745":"c","746":"r","747":"i","748":"p","749":"t","750":" ","751":"l","752":"a","753":"n","754":"g","755":"=","756":"\\","757":"\"","758":"t","759":"s","760":"\\","761":"\"","762":">","763":"\\","764":"n","765":"i","766":"m","767":"p","768":"o","769":"r","770":"t","771":" ","772":"{","773":" ","774":"c","775":"o","776":"m","777":"p","778":"u","779":"t","780":"e","781":"d","782":",","783":" ","784":"d","785":"e","786":"f","787":"i","788":"n","789":"e","790":"C","791":"o","792":"m","793":"p","794":"o","795":"n","796":"e","797":"n","798":"t","799":" ","800":"}","801":" ","802":"f","803":"r","804":"o","805":"m","806":" ","807":"\\","808":"\"","809":"v","810":"u","811":"e","812":"\\","813":"\"","814":";","815":"\\","816":"n","817":"i","818":"m","819":"p","820":"o","821":"r","822":"t","823":" ","824":"L","825":"o","826":"g","827":"o","828":" ","829":"f","830":"r","831":"o","832":"m","833":" ","834":"\\","835":"\"","836":"@","837":"/","838":"c","839":"o","840":"m","841":"p","842":"o","843":"n","844":"e","845":"n","846":"t","847":"s","848":"/","849":"C","850":"o","851":"m","852":"m","853":"o","854":"n","855":"/","856":"L","857":"o","858":"g","859":"o","860":".","861":"v","862":"u","863":"e","864":"\\","865":"\"","866":";","867":"\\","868":"n","869":"i","870":"m","871":"p","872":"o","873":"r","874":"t","875":" ","876":"C","877":"o","878":"p","879":"y","880":"r","881":"i","882":"g","883":"h","884":"t","885":" ","886":"f","887":"r","888":"o","889":"m","890":" ","891":"\\","892":"\"","893":"@","894":"/","895":"c","896":"o","897":"m","898":"p","899":"o","900":"n","901":"e","902":"n","903":"t","904":"s","905":"/","906":"F","907":"o","908":"o","909":"t","910":"e","911":"r","912":"/","913":"С","914":"o","915":"p","916":"y","917":"r","918":"i","919":"g","920":"h","921":"t","922":".","923":"v","924":"u","925":"e","926":"\\","927":"\"","928":";","929":"\\","930":"n","931":"i","932":"m","933":"p","934":"o","935":"r","936":"t","937":" ","938":"{","939":" ","940":"u","941":"s","942":"e","943":"C","944":"o","945":"p","946":"y","947":"r","948":"i","949":"g","950":"h","951":"t","952":"S","953":"t","954":"o","955":"r","956":"e","957":" ","958":"}","959":" ","960":"f","961":"r","962":"o","963":"m","964":" ","965":"\\","966":"\"","967":"@","968":"/","969":"s","970":"t","971":"o","972":"r","973":"e","974":"s","975":"/","976":"C","977":"o","978":"m","979":"m","980":"o","981":"n","982":"/","983":"u","984":"s","985":"e","986":"C","987":"o","988":"p","989":"y","990":"r","991":"i","992":"g","993":"h","994":"t","995":"S","996":"t","997":"o","998":"r","999":"e","1000":"\\","1001":"\"","1002":";","1003":"\\","1004":"n","1005":"\\","1006":"n","1007":"e","1008":"x","1009":"p","1010":"o","1011":"r","1012":"t","1013":" ","1014":"d","1015":"e","1016":"f","1017":"a","1018":"u","1019":"l","1020":"t","1021":" ","1022":"d","1023":"e","1024":"f","1025":"i","1026":"n","1027":"e","1028":"C","1029":"o","1030":"m","1031":"p","1032":"o","1033":"n","1034":"e","1035":"n","1036":"t","1037":"(","1038":"{","1039":"\\","1040":"n","1041":" ","1042":" ","1043":"n","1044":"a","1045":"m","1046":"e","1047":":","1048":" ","1049":"\\","1050":"\"","1051":"A","1052":"p","1053":"p","1054":"F","1055":"o","1056":"o","1057":"t","1058":"e","1059":"r","1060":"\\","1061":"\"","1062":",","1063":"\\","1064":"n","1065":" ","1066":" ","1067":"c","1068":"o","1069":"m","1070":"p","1071":"o","1072":"n","1073":"e","1074":"n","1075":"t","1076":"s","1077":":","1078":" ","1079":"{","1080":"\\","1081":"n","1082":" ","1083":" ","1084":" ","1085":" ","1086":"L","1087":"o","1088":"g","1089":"o","1090":",","1091":"\\","1092":"n","1093":" ","1094":" ","1095":" ","1096":" ","1097":"C","1098":"o","1099":"p","1100":"y","1101":"r","1102":"i","1103":"g","1104":"h","1105":"t","1106":",","1107":"\\","1108":"n","1109":" ","1110":" ","1111":"}","1112":",","1113":"\\","1114":"n","1115":" ","1116":" ","1117":"s","1118":"e","1119":"t","1120":"u","1121":"p","1122":"(","1123":")","1124":" ","1125":"{","1126":"\\","1127":"n","1128":" ","1129":" ","1130":" ","1131":" ","1132":"c","1133":"o","1134":"n","1135":"s","1136":"t","1137":" ","1138":"c","1139":"o","1140":"p","1141":"y","1142":"r","1143":"i","1144":"g","1145":"h","1146":"t","1147":"S","1148":"t","1149":"o","1150":"r","1151":"e","1152":" ","1153":"=","1154":" ","1155":"u","1156":"s","1157":"e","1158":"C","1159":"o","1160":"p","1161":"y","1162":"r","1163":"i","1164":"g","1165":"h","1166":"t","1167":"S","1168":"t","1169":"o","1170":"r","1171":"e","1172":"(","1173":")","1174":";","1175":"\\","1176":"n","1177":" ","1178":" ","1179":" ","1180":" ","1181":"c","1182":"o","1183":"n","1184":"s","1185":"t","1186":" ","1187":"c","1188":"o","1189":"p","1190":"y","1191":"r","1192":"i","1193":"g","1194":"h","1195":"t","1196":"I","1197":"t","1198":"e","1199":"m","1200":" ","1201":"=","1202":" ","1203":"c","1204":"o","1205":"m","1206":"p","1207":"u","1208":"t","1209":"e","1210":"d","1211":"(","1212":"(","1213":")","1214":" ","1215":"=","1216":">","1217":" ","1218":"c","1219":"o","1220":"p","1221":"y","1222":"r","1223":"i","1224":"g","1225":"h","1226":"t","1227":"S","1228":"t","1229":"o","1230":"r","1231":"e","1232":".","1233":"g","1234":"e","1235":"t","1236":"C","1237":"o","1238":"p","1239":"y","1240":"r","1241":"i","1242":"g","1243":"h","1244":"t","1245":"I","1246":"t","1247":"e","1248":"m","1249":")","1250":";","1251":"\\","1252":"n","1253":"\\","1254":"n","1255":" ","1256":" ","1257":" ","1258":" ","1259":"r","1260":"e","1261":"t","1262":"u","1263":"r","1264":"n","1265":" ","1266":"{","1267":"\\","1268":"n","1269":" ","1270":" ","1271":" ","1272":" ","1273":" ","1274":" ","1275":"c","1276":"o","1277":"p","1278":"y","1279":"r","1280":"i","1281":"g","1282":"h","1283":"t","1284":"I","1285":"t","1286":"e","1287":"m","1288":",","1289":"\\","1290":"n","1291":" ","1292":" ","1293":" ","1294":" ","1295":"}","1296":";","1297":"\\","1298":"n","1299":" ","1300":" ","1301":"}","1302":",","1303":"\\","1304":"n","1305":"}","1306":")","1307":";","1308":"\\","1309":"n","1310":"<","1311":"/","1312":"s","1313":"c","1314":"r","1315":"i","1316":"p","1317":"t","1318":">","1319":"\\","1320":"n","1321":"\\","1322":"n","1323":"<","1324":"s","1325":"t","1326":"y","1327":"l","1328":"e","1329":" ","1330":"l","1331":"a","1332":"n","1333":"g","1334":"=","1335":"\\","1336":"\"","1337":"s","1338":"a","1339":"s","1340":"s","1341":"\\","1342":"\"","1343":">","1344":"<","1345":"/","1346":"s","1347":"t","1348":"y","1349":"l","1350":"e","1351":">","1352":"\\","1353":"n","1354":"\"","1355":"]","1356":"}"},"_coverageSchema":"1a1c01bbd47fc00a2c39e90264f33305004495a9","hash":"a444c7723cf9976a6abab6f2f09b575bf2043495"}
,"C:\\Projects\\Online-school\\GeekBrains\\WEB\\7. Diploma\\2Pac\\src\\components\\Header\\AppHeader.vue": {"path":"C:\\Projects\\Online-school\\GeekBrains\\WEB\\7. Diploma\\2Pac\\src\\components\\Header\\AppHeader.vue","statementMap":{"0":{"start":{"line":3,"column":22},"end":{"line":7,"column":1}},"1":{"start":{"line":4,"column":2},"end":{"line":6,"column":4}},"2":{"start":{"line":8,"column":0},"end":{"line":10,"column":3}},"3":{"start":{"line":11,"column":12},"end":{"line":11,"column":26}},"4":{"start":{"line":12,"column":20},"end":{"line":12,"column":79}},"5":{"start":{"line":13,"column":21},"end":{"line":13,"column":60}},"6":{"start":{"line":14,"column":0},"end":{"line":28,"column":3}},"7":{"start":{"line":20,"column":20},"end":{"line":20,"column":54}},"8":{"start":{"line":21,"column":19},"end":{"line":23,"column":6}},"9":{"start":{"line":22,"column":6},"end":{"line":22,"column":36}},"10":{"start":{"line":24,"column":4},"end":{"line":26,"column":6}},"11":{"start":{"line":29,"column":0},"end":{"line":29,"column":13}},"12":{"start":{"line":30,"column":0},"end":{"line":30,"column":62}},"13":{"start":{"line":31,"column":0},"end":{"line":31,"column":24}},"14":{"start":{"line":32,"column":12},"end":{"line":32,"column":26}},"15":{"start":{"line":33,"column":17},"end":{"line":33,"column":36}},"16":{"start":{"line":34,"column":17},"end":{"line":34,"column":57}},"17":{"start":{"line":36,"column":29},"end":{"line":36,"column":67}},"18":{"start":{"line":37,"column":4},"end":{"line":41,"column":8}},"19":{"start":{"line":43,"column":0},"end":{"line":43,"column":24}},"20":{"start":{"line":44,"column":1},"end":{"line":44,"column":48}}},"fnMap":{"0":{"name":"(anonymous_0)","decl":{"start":{"line":3,"column":54},"end":{"line":3,"column":55}},"loc":{"start":{"line":3,"column":69},"end":{"line":7,"column":1}},"line":3},"1":{"name":"(anonymous_1)","decl":{"start":{"line":19,"column":9},"end":{"line":19,"column":10}},"loc":{"start":{"line":19,"column":21},"end":{"line":27,"column":3}},"line":19},"2":{"name":"(anonymous_2)","decl":{"start":{"line":21,"column":39},"end":{"line":21,"column":40}},"loc":{"start":{"line":21,"column":51},"end":{"line":23,"column":5}},"line":21},"3":{"name":"render","decl":{"start":{"line":35,"column":9},"end":{"line":35,"column":15}},"loc":{"start":{"line":35,"column":30},"end":{"line":42,"column":1}},"line":35}},"branchMap":{"0":{"loc":{"start":{"line":3,"column":22},"end":{"line":7,"column":1}},"type":"binary-expr","locations":[{"start":{"line":3,"column":22},"end":{"line":3,"column":26}},{"start":{"line":3,"column":30},"end":{"line":3,"column":50}},{"start":{"line":3,"column":54},"end":{"line":7,"column":1}}],"line":3},"1":{"loc":{"start":{"line":4,"column":9},"end":{"line":6,"column":3}},"type":"cond-expr","locations":[{"start":{"line":4,"column":33},"end":{"line":4,"column":36}},{"start":{"line":4,"column":39},"end":{"line":6,"column":3}}],"line":4},"2":{"loc":{"start":{"line":4,"column":9},"end":{"line":4,"column":30}},"type":"binary-expr","locations":[{"start":{"line":4,"column":9},"end":{"line":4,"column":12}},{"start":{"line":4,"column":16},"end":{"line":4,"column":30}}],"line":4}},"s":{"0":1,"1":1,"2":1,"3":1,"4":1,"5":1,"6":1,"7":2,"8":2,"9":2,"10":2,"11":1,"12":1,"13":1,"14":1,"15":1,"16":1,"17":2,"18":2,"19":1,"20":1},"f":{"0":1,"1":2,"2":2,"3":2},"b":{"0":[1,1,1],"1":[0,1],"2":[1,1]},"inputSourceMap":{"0":"{","1":"\"","2":"v","3":"e","4":"r","5":"s","6":"i","7":"o","8":"n","9":"\"","10":":","11":"3","12":",","13":"\"","14":"s","15":"o","16":"u","17":"r","18":"c","19":"e","20":"s","21":"\"","22":":","23":"[","24":"\"","25":"C","26":":","27":"\\","28":"\\","29":"P","30":"r","31":"o","32":"j","33":"e","34":"c","35":"t","36":"s","37":"\\","38":"\\","39":"O","40":"n","41":"l","42":"i","43":"n","44":"e","45":"-","46":"s","47":"c","48":"h","49":"o","50":"o","51":"l","52":"\\","53":"\\","54":"G","55":"e","56":"e","57":"k","58":"B","59":"r","60":"a","61":"i","62":"n","63":"s","64":"\\","65":"\\","66":"W","67":"E","68":"B","69":"\\","70":"\\","71":"7","72":".","73":" ","74":"D","75":"i","76":"p","77":"l","78":"o","79":"m","80":"a","81":"\\","82":"\\","83":"2","84":"P","85":"a","86":"c","87":"\\","88":"\\","89":"s","90":"r","91":"c","92":"\\","93":"\\","94":"c","95":"o","96":"m","97":"p","98":"o","99":"n","100":"e","101":"n","102":"t","103":"s","104":"\\","105":"\\","106":"H","107":"e","108":"a","109":"d","110":"e","111":"r","112":"\\","113":"\\","114":"A","115":"p","116":"p","117":"H","118":"e","119":"a","120":"d","121":"e","122":"r","123":".","124":"v","125":"u","126":"e","127":"\"","128":"]","129":",","130":"\"","131":"n","132":"a","133":"m","134":"e","135":"s","136":"\"","137":":","138":"[","139":"]","140":",","141":"\"","142":"m","143":"a","144":"p","145":"p","146":"i","147":"n","148":"g","149":"s","150":"\"","151":":","152":"\"","153":";","154":";","155":";","156":";","157":";","158":";","159":";","160":";","161":";","162":";","163":"A","164":"A","165":"O","166":"A","167":";","168":"A","169":"A","170":"C","171":"A","172":";","173":"A","174":"A","175":"C","176":"A","177":";","178":"A","179":"A","180":"E","181":"A","182":",","183":"k","184":"B","185":"A","186":"A","187":"e","188":",","189":"y","190":"B","191":"A","192":"A","193":"e","194":",","195":"E","196":"A","197":"A","198":"C","199":";","200":"E","201":"A","202":"C","203":"7","204":"B","205":",","206":"I","207":"A","208":"A","209":"I","210":",","211":"E","212":"A","213":"A","214":"E","215":",","216":"W","217":"A","218":"A","219":"W","220":";","221":"E","222":"A","223":"C","224":"j","225":"B","226":",","227":"U","228":"A","229":"A","230":"U","231":",","232":"E","233":"A","234":"A","235":"E","236":";","237":"I","238":"A","239":"C","240":"V","241":",","242":"O","243":"A","244":"A","245":"O","246":";","247":"G","248":"A","249":"C","250":"R","251":";","252":"E","253":"A","254":"C","255":"D","256":",","257":"K","258":"A","259":"A","260":"K","261":";","262":"I","263":"A","264":"C","265":"H","266":",","267":"I","268":"A","269":"A","270":"M","271":",","272":"S","273":"A","274":"A","275":"S","276":",","277":"G","278":"A","279":"A","280":"G","281":",","282":"+","283":"B","284":"A","285":"A","286":"Y","287":",","288":"G","289":"A","290":"A","291":"E","292":";","293":"I","294":"A","295":"C","296":"h","297":"C","298":",","299":"I","300":"A","301":"A","302":"M","303":",","304":"Q","305":"A","306":"A","307":"Q","308":",","309":"G","310":"A","311":"A","312":"G","313":",","314":"k","315":"B","316":"A","317":"A","318":"Q","319":",","320":"E","321":"A","322":"A","323":"C","324":";","325":"M","326":"A","327":"A","328":"M","329":",","330":"g","331":"B","332":"A","333":"A","334":"S","335":",","336":"C","337":"A","338":"A","339":"C","340":",","341":"Y","342":"A","343":"A","344":"Y","345":";","346":"I","347":"A","348":"A","349":"t","350":"B","351":",","352":"C","353":"A","354":"A","355":"s","356":"B","357":",","358":"C","359":"A","360":"A","361":"C","362":";","363":"I","364":"A","365":"E","366":"v","367":"D","368":",","369":"O","370":"A","371":"A","372":"O","373":";","374":"M","375":"A","376":"C","377":"L","378":",","379":"Q","380":"A","381":"A","382":"Q","383":";","384":"K","385":"A","386":"C","387":"T","388":";","389":"E","390":"A","391":"C","392":"H","393":";","394":"C","395":"A","396":"C","397":"D","398":",","399":"C","400":"A","401":"A","402":"C","403":"\"","404":",","405":"\"","406":"f","407":"i","408":"l","409":"e","410":"\"","411":":","412":"\"","413":"C","414":":","415":"\\","416":"\\","417":"P","418":"r","419":"o","420":"j","421":"e","422":"c","423":"t","424":"s","425":"\\","426":"\\","427":"O","428":"n","429":"l","430":"i","431":"n","432":"e","433":"-","434":"s","435":"c","436":"h","437":"o","438":"o","439":"l","440":"\\","441":"\\","442":"G","443":"e","444":"e","445":"k","446":"B","447":"r","448":"a","449":"i","450":"n","451":"s","452":"\\","453":"\\","454":"W","455":"E","456":"B","457":"\\","458":"\\","459":"7","460":".","461":" ","462":"D","463":"i","464":"p","465":"l","466":"o","467":"m","468":"a","469":"\\","470":"\\","471":"2","472":"P","473":"a","474":"c","475":"\\","476":"\\","477":"s","478":"r","479":"c","480":"\\","481":"\\","482":"c","483":"o","484":"m","485":"p","486":"o","487":"n","488":"e","489":"n","490":"t","491":"s","492":"\\","493":"\\","494":"H","495":"e","496":"a","497":"d","498":"e","499":"r","500":"\\","501":"\\","502":"A","503":"p","504":"p","505":"H","506":"e","507":"a","508":"d","509":"e","510":"r","511":".","512":"v","513":"u","514":"e","515":"\"","516":",","517":"\"","518":"s","519":"o","520":"u","521":"r","522":"c","523":"e","524":"s","525":"C","526":"o","527":"n","528":"t","529":"e","530":"n","531":"t","532":"\"","533":":","534":"[","535":"\"","536":"<","537":"t","538":"e","539":"m","540":"p","541":"l","542":"a","543":"t","544":"e","545":" ","546":"l","547":"a","548":"n","549":"g","550":"=","551":"\\","552":"\"","553":"p","554":"u","555":"g","556":"\\","557":"\"","558":">","559":"\\","560":"n","561":"h","562":"e","563":"a","564":"d","565":"e","566":"r","567":".","568":"h","569":"e","570":"a","571":"d","572":"e","573":"r","574":"\\","575":"n","576":" ","577":" ","578":".","579":"c","580":"o","581":"n","582":"t","583":"a","584":"i","585":"n","586":"e","587":"r","588":".","589":"h","590":"e","591":"a","592":"d","593":"e","594":"r","595":"_","596":"_","597":"c","598":"o","599":"n","600":"t","601":"a","602":"i","603":"n","604":"e","605":"r","606":"\\","607":"n","608":" ","609":" ","610":" ","611":" ","612":"N","613":"a","614":"v","615":"M","616":"e","617":"n","618":"u","619":"(","620":":","621":"m","622":"e","623":"n","624":"u","625":"=","626":"\\","627":"\"","628":"m","629":"e","630":"n","631":"u","632":"L","633":"i","634":"s","635":"t","636":"\\","637":"\"","638":")","639":"\\","640":"n","641":"<","642":"/","643":"t","644":"e","645":"m","646":"p","647":"l","648":"a","649":"t","650":"e","651":">","652":"\\","653":"n","654":"\\","655":"n","656":"<","657":"s","658":"c","659":"r","660":"i","661":"p","662":"t","663":" ","664":"l","665":"a","666":"n","667":"g","668":"=","669":"\\","670":"\"","671":"t","672":"s","673":"\\","674":"\"","675":">","676":"\\","677":"n","678":"i","679":"m","680":"p","681":"o","682":"r","683":"t","684":" ","685":"{","686":" ","687":"d","688":"e","689":"f","690":"i","691":"n","692":"e","693":"C","694":"o","695":"m","696":"p","697":"o","698":"n","699":"e","700":"n","701":"t","702":",","703":" ","704":"c","705":"o","706":"m","707":"p","708":"u","709":"t","710":"e","711":"d","712":" ","713":"}","714":" ","715":"f","716":"r","717":"o","718":"m","719":" ","720":"\\","721":"\"","722":"v","723":"u","724":"e","725":"\\","726":"\"","727":";","728":"\\","729":"n","730":"i","731":"m","732":"p","733":"o","734":"r","735":"t","736":" ","737":"N","738":"a","739":"v","740":"M","741":"e","742":"n","743":"u","744":" ","745":"f","746":"r","747":"o","748":"m","749":" ","750":"\\","751":"\"","752":"@","753":"/","754":"c","755":"o","756":"m","757":"p","758":"o","759":"n","760":"e","761":"n","762":"t","763":"s","764":"/","765":"H","766":"e","767":"a","768":"d","769":"e","770":"r","771":"/","772":"N","773":"a","774":"v","775":"M","776":"e","777":"n","778":"u","779":".","780":"v","781":"u","782":"e","783":"\\","784":"\"","785":";","786":"\\","787":"n","788":"i","789":"m","790":"p","791":"o","792":"r","793":"t","794":" ","795":"{","796":" ","797":"u","798":"s","799":"e","800":"M","801":"e","802":"n","803":"u","804":"S","805":"t","806":"o","807":"r","808":"e","809":" ","810":"}","811":" ","812":"f","813":"r","814":"o","815":"m","816":" ","817":"\\","818":"\"","819":"@","820":"/","821":"s","822":"t","823":"o","824":"r","825":"e","826":"s","827":"/","828":"C","829":"o","830":"m","831":"m","832":"o","833":"n","834":"/","835":"u","836":"s","837":"e","838":"M","839":"e","840":"n","841":"u","842":"S","843":"t","844":"o","845":"r","846":"e","847":"\\","848":"\"","849":";","850":"\\","851":"n","852":"\\","853":"n","854":"e","855":"x","856":"p","857":"o","858":"r","859":"t","860":" ","861":"d","862":"e","863":"f","864":"a","865":"u","866":"l","867":"t","868":" ","869":"d","870":"e","871":"f","872":"i","873":"n","874":"e","875":"C","876":"o","877":"m","878":"p","879":"o","880":"n","881":"e","882":"n","883":"t","884":"(","885":"{","886":"\\","887":"n","888":" ","889":" ","890":"n","891":"a","892":"m","893":"e","894":":","895":" ","896":"\\","897":"\"","898":"A","899":"p","900":"p","901":"H","902":"e","903":"a","904":"d","905":"e","906":"r","907":"\\","908":"\"","909":",","910":"\\","911":"n","912":" ","913":" ","914":"c","915":"o","916":"m","917":"p","918":"o","919":"n","920":"e","921":"n","922":"t","923":"s","924":":","925":" ","926":"{","927":"\\","928":"n","929":" ","930":" ","931":" ","932":" ","933":"N","934":"a","935":"v","936":"M","937":"e","938":"n","939":"u","940":",","941":"\\","942":"n","943":" ","944":" ","945":"}","946":",","947":"\\","948":"n","949":" ","950":" ","951":"s","952":"e","953":"t","954":"u","955":"p","956":"(","957":")","958":" ","959":"{","960":"\\","961":"n","962":" ","963":" ","964":" ","965":" ","966":"c","967":"o","968":"n","969":"s","970":"t","971":" ","972":"m","973":"e","974":"n","975":"u","976":"S","977":"t","978":"o","979":"r","980":"e","981":" ","982":"=","983":" ","984":"u","985":"s","986":"e","987":"M","988":"e","989":"n","990":"u","991":"S","992":"t","993":"o","994":"r","995":"e","996":"(","997":")","998":";","999":"\\","1000":"n","1001":" ","1002":" ","1003":" ","1004":" ","1005":"c","1006":"o","1007":"n","1008":"s","1009":"t","1010":" ","1011":"m","1012":"e","1013":"n","1014":"u","1015":"L","1016":"i","1017":"s","1018":"t","1019":" ","1020":"=","1021":" ","1022":"c","1023":"o","1024":"m","1025":"p","1026":"u","1027":"t","1028":"e","1029":"d","1030":"(","1031":"(","1032":")","1033":" ","1034":"=","1035":">","1036":" ","1037":"m","1038":"e","1039":"n","1040":"u","1041":"S","1042":"t","1043":"o","1044":"r","1045":"e","1046":".","1047":"g","1048":"e","1049":"t","1050":"M","1051":"e","1052":"n","1053":"u","1054":"I","1055":"t","1056":"e","1057":"m","1058":"s","1059":")","1060":";","1061":"\\","1062":"n","1063":"\\","1064":"n","1065":" ","1066":" ","1067":" ","1068":" ","1069":"r","1070":"e","1071":"t","1072":"u","1073":"r","1074":"n","1075":" ","1076":"{","1077":"\\","1078":"n","1079":" ","1080":" ","1081":" ","1082":" ","1083":" ","1084":" ","1085":"m","1086":"e","1087":"n","1088":"u","1089":"L","1090":"i","1091":"s","1092":"t","1093":",","1094":"\\","1095":"n","1096":" ","1097":" ","1098":" ","1099":" ","1100":"}","1101":";","1102":"\\","1103":"n","1104":" ","1105":" ","1106":"}","1107":",","1108":"\\","1109":"n","1110":"}","1111":")","1112":";","1113":"\\","1114":"n","1115":"<","1116":"/","1117":"s","1118":"c","1119":"r","1120":"i","1121":"p","1122":"t","1123":">","1124":"\\","1125":"n","1126":"\\","1127":"n","1128":"<","1129":"s","1130":"t","1131":"y","1132":"l","1133":"e","1134":" ","1135":"l","1136":"a","1137":"n","1138":"g","1139":"=","1140":"\\","1141":"\"","1142":"s","1143":"a","1144":"s","1145":"s","1146":"\\","1147":"\"","1148":">","1149":"<","1150":"/","1151":"s","1152":"t","1153":"y","1154":"l","1155":"e","1156":">","1157":"\\","1158":"n","1159":"\"","1160":"]","1161":"}"},"_coverageSchema":"1a1c01bbd47fc00a2c39e90264f33305004495a9","hash":"ab085e74b8baee1e06dcaa918a79b50785bfab82"}
,"C:\\Projects\\Online-school\\GeekBrains\\WEB\\7. Diploma\\2Pac\\src\\components\\Main\\AppMain.vue": {"path":"C:\\Projects\\Online-school\\GeekBrains\\WEB\\7. Diploma\\2Pac\\src\\components\\Main\\AppMain.vue","statementMap":{"0":{"start":{"line":3,"column":0},"end":{"line":5,"column":3}},"1":{"start":{"line":6,"column":12},"end":{"line":6,"column":26}},"2":{"start":{"line":7,"column":0},"end":{"line":9,"column":3}},"3":{"start":{"line":10,"column":0},"end":{"line":10,"column":13}},"4":{"start":{"line":11,"column":0},"end":{"line":11,"column":62}},"5":{"start":{"line":12,"column":0},"end":{"line":12,"column":24}},"6":{"start":{"line":13,"column":12},"end":{"line":13,"column":26}},"7":{"start":{"line":14,"column":17},"end":{"line":14,"column":34}},"8":{"start":{"line":15,"column":17},"end":{"line":15,"column":55}},"9":{"start":{"line":17,"column":33},"end":{"line":17,"column":75}},"10":{"start":{"line":18,"column":4},"end":{"line":22,"column":8}},"11":{"start":{"line":24,"column":0},"end":{"line":24,"column":24}},"12":{"start":{"line":25,"column":1},"end":{"line":25,"column":48}}},"fnMap":{"0":{"name":"render","decl":{"start":{"line":16,"column":9},"end":{"line":16,"column":15}},"loc":{"start":{"line":16,"column":30},"end":{"line":23,"column":1}},"line":16}},"branchMap":{},"s":{"0":1,"1":1,"2":1,"3":1,"4":1,"5":1,"6":1,"7":1,"8":1,"9":2,"10":2,"11":1,"12":1},"f":{"0":2},"b":{},"inputSourceMap":{"0":"{","1":"\"","2":"v","3":"e","4":"r","5":"s","6":"i","7":"o","8":"n","9":"\"","10":":","11":"3","12":",","13":"\"","14":"s","15":"o","16":"u","17":"r","18":"c","19":"e","20":"s","21":"\"","22":":","23":"[","24":"\"","25":"C","26":":","27":"\\","28":"\\","29":"P","30":"r","31":"o","32":"j","33":"e","34":"c","35":"t","36":"s","37":"\\","38":"\\","39":"O","40":"n","41":"l","42":"i","43":"n","44":"e","45":"-","46":"s","47":"c","48":"h","49":"o","50":"o","51":"l","52":"\\","53":"\\","54":"G","55":"e","56":"e","57":"k","58":"B","59":"r","60":"a","61":"i","62":"n","63":"s","64":"\\","65":"\\","66":"W","67":"E","68":"B","69":"\\","70":"\\","71":"7","72":".","73":" ","74":"D","75":"i","76":"p","77":"l","78":"o","79":"m","80":"a","81":"\\","82":"\\","83":"2","84":"P","85":"a","86":"c","87":"\\","88":"\\","89":"s","90":"r","91":"c","92":"\\","93":"\\","94":"c","95":"o","96":"m","97":"p","98":"o","99":"n","100":"e","101":"n","102":"t","103":"s","104":"\\","105":"\\","106":"M","107":"a","108":"i","109":"n","110":"\\","111":"\\","112":"A","113":"p","114":"p","115":"M","116":"a","117":"i","118":"n","119":".","120":"v","121":"u","122":"e","123":"\"","124":"]","125":",","126":"\"","127":"n","128":"a","129":"m","130":"e","131":"s","132":"\"","133":":","134":"[","135":"]","136":",","137":"\"","138":"m","139":"a","140":"p","141":"p","142":"i","143":"n","144":"g","145":"s","146":"\"","147":":","148":"\"","149":";","150":";","151":";","152":";","153":";","154":"A","155":"A","156":"O","157":"A","158":";","159":"A","160":"A","161":"E","162":"A","163":",","164":"k","165":"B","166":"A","167":"A","168":"e","169":",","170":"y","171":"B","172":"A","173":"A","174":"e","175":",","176":"E","177":"A","178":"A","179":"C","180":";","181":"E","182":"A","183":"C","184":"7","185":"B","186":",","187":"I","188":"A","189":"A","190":"I","191":",","192":"E","193":"A","194":"A","195":"E","196":";","197":"C","198":"A","199":"C","200":"P","201":",","202":"C","203":"A","204":"A","205":"C","206":"\"","207":",","208":"\"","209":"f","210":"i","211":"l","212":"e","213":"\"","214":":","215":"\"","216":"C","217":":","218":"\\","219":"\\","220":"P","221":"r","222":"o","223":"j","224":"e","225":"c","226":"t","227":"s","228":"\\","229":"\\","230":"O","231":"n","232":"l","233":"i","234":"n","235":"e","236":"-","237":"s","238":"c","239":"h","240":"o","241":"o","242":"l","243":"\\","244":"\\","245":"G","246":"e","247":"e","248":"k","249":"B","250":"r","251":"a","252":"i","253":"n","254":"s","255":"\\","256":"\\","257":"W","258":"E","259":"B","260":"\\","261":"\\","262":"7","263":".","264":" ","265":"D","266":"i","267":"p","268":"l","269":"o","270":"m","271":"a","272":"\\","273":"\\","274":"2","275":"P","276":"a","277":"c","278":"\\","279":"\\","280":"s","281":"r","282":"c","283":"\\","284":"\\","285":"c","286":"o","287":"m","288":"p","289":"o","290":"n","291":"e","292":"n","293":"t","294":"s","295":"\\","296":"\\","297":"M","298":"a","299":"i","300":"n","301":"\\","302":"\\","303":"A","304":"p","305":"p","306":"M","307":"a","308":"i","309":"n","310":".","311":"v","312":"u","313":"e","314":"\"","315":",","316":"\"","317":"s","318":"o","319":"u","320":"r","321":"c","322":"e","323":"s","324":"C","325":"o","326":"n","327":"t","328":"e","329":"n","330":"t","331":"\"","332":":","333":"[","334":"\"","335":"<","336":"t","337":"e","338":"m","339":"p","340":"l","341":"a","342":"t","343":"e","344":" ","345":"l","346":"a","347":"n","348":"g","349":"=","350":"\\","351":"\"","352":"p","353":"u","354":"g","355":"\\","356":"\"","357":">","358":"\\","359":"n","360":"m","361":"a","362":"i","363":"n","364":".","365":"m","366":"a","367":"i","368":"n","369":"\\","370":"n","371":" ","372":" ","373":".","374":"c","375":"o","376":"n","377":"t","378":"a","379":"i","380":"n","381":"e","382":"r","383":".","384":"m","385":"a","386":"i","387":"n","388":"_","389":"_","390":"c","391":"o","392":"n","393":"t","394":"a","395":"i","396":"n","397":"e","398":"r","399":"\\","400":"n","401":" ","402":" ","403":" ","404":" ","405":"r","406":"o","407":"u","408":"t","409":"e","410":"r","411":"-","412":"v","413":"i","414":"e","415":"w","416":"\\","417":"n","418":"<","419":"/","420":"t","421":"e","422":"m","423":"p","424":"l","425":"a","426":"t","427":"e","428":">","429":"\\","430":"n","431":"\\","432":"n","433":"<","434":"s","435":"c","436":"r","437":"i","438":"p","439":"t","440":" ","441":"l","442":"a","443":"n","444":"g","445":"=","446":"\\","447":"\"","448":"t","449":"s","450":"\\","451":"\"","452":">","453":"\\","454":"n","455":"i","456":"m","457":"p","458":"o","459":"r","460":"t","461":" ","462":"{","463":" ","464":"d","465":"e","466":"f","467":"i","468":"n","469":"e","470":"C","471":"o","472":"m","473":"p","474":"o","475":"n","476":"e","477":"n","478":"t","479":" ","480":"}","481":" ","482":"f","483":"r","484":"o","485":"m","486":" ","487":"\\","488":"\"","489":"v","490":"u","491":"e","492":"\\","493":"\"","494":";","495":"\\","496":"n","497":"\\","498":"n","499":"e","500":"x","501":"p","502":"o","503":"r","504":"t","505":" ","506":"d","507":"e","508":"f","509":"a","510":"u","511":"l","512":"t","513":" ","514":"d","515":"e","516":"f","517":"i","518":"n","519":"e","520":"C","521":"o","522":"m","523":"p","524":"o","525":"n","526":"e","527":"n","528":"t","529":"(","530":"{","531":"\\","532":"n","533":" ","534":" ","535":"n","536":"a","537":"m","538":"e","539":":","540":" ","541":"\\","542":"\"","543":"A","544":"p","545":"p","546":"M","547":"a","548":"i","549":"n","550":"\\","551":"\"","552":",","553":"\\","554":"n","555":"}","556":")","557":";","558":"\\","559":"n","560":"<","561":"/","562":"s","563":"c","564":"r","565":"i","566":"p","567":"t","568":">","569":"\\","570":"n","571":"\\","572":"n","573":"<","574":"s","575":"t","576":"y","577":"l","578":"e","579":" ","580":"l","581":"a","582":"n","583":"g","584":"=","585":"\\","586":"\"","587":"s","588":"a","589":"s","590":"s","591":"\\","592":"\"","593":">","594":"<","595":"/","596":"s","597":"t","598":"y","599":"l","600":"e","601":">","602":"\\","603":"n","604":"\"","605":"]","606":"}"},"_coverageSchema":"1a1c01bbd47fc00a2c39e90264f33305004495a9","hash":"92afbf0a89673c8f46e555c982ea56e7b47ae976"}
,"C:\\Projects\\Online-school\\GeekBrains\\WEB\\7. Diploma\\2Pac\\src\\stores\\store.ts": {"path":"C:\\Projects\\Online-school\\GeekBrains\\WEB\\7. Diploma\\2Pac\\src\\stores\\store.ts","statementMap":{"0":{"start":{"line":1,"column":0},"end":{"line":1,"column":null}},"1":{"start":{"line":2,"column":0},"end":{"line":2,"column":null}},"2":{"start":{"line":3,"column":0},"end":{"line":3,"column":null}},"3":{"start":{"line":5,"column":21},"end":{"line":5,"column":34}},"4":{"start":{"line":6,"column":12},"end":{"line":6,"column":26}},"5":{"start":{"line":7,"column":0},"end":{"line":7,"column":null}},"6":{"start":{"line":9,"column":0},"end":{"line":9,"column":null}}},"fnMap":{},"branchMap":{},"s":{"0":1,"1":1,"2":1,"3":1,"4":1,"5":1,"6":1},"f":{},"b":{}}
,"C:\\Projects\\Online-school\\GeekBrains\\WEB\\7. Diploma\\2Pac\\src\\stores\\Common\\useCopyrightStore.ts": {"path":"C:\\Projects\\Online-school\\GeekBrains\\WEB\\7. Diploma\\2Pac\\src\\stores\\Common\\useCopyrightStore.ts","statementMap":{"0":{"start":{"line":1,"column":0},"end":{"line":1,"column":null}},"1":{"start":{"line":4,"column":13},"end":{"line":16,"column":null}},"2":{"start":{"line":7,"column":39},"end":{"line":9,"column":6}},"3":{"start":{"line":12,"column":8},"end":{"line":12,"column":null}}},"fnMap":{"0":{"name":"(anonymous_0)","decl":{"start":{"line":7,"column":11},"end":{"line":7,"column":39}},"loc":{"start":{"line":7,"column":39},"end":{"line":9,"column":6}}},"1":{"name":"(anonymous_1)","decl":{"start":{"line":11,"column":6},"end":{"line":11,"column":22}},"loc":{"start":{"line":11,"column":49},"end":{"line":13,"column":null}}}},"branchMap":{},"s":{"0":1,"1":1,"2":3,"3":3},"f":{"0":3,"1":3},"b":{}}
,"C:\\Projects\\Online-school\\GeekBrains\\WEB\\7. Diploma\\2Pac\\src\\stores\\Common\\useMenuStore.ts": {"path":"C:\\Projects\\Online-school\\GeekBrains\\WEB\\7. Diploma\\2Pac\\src\\stores\\Common\\useMenuStore.ts","statementMap":{"0":{"start":{"line":2,"column":0},"end":{"line":2,"column":null}},"1":{"start":{"line":4,"column":13},"end":{"line":38,"column":null}},"2":{"start":{"line":5,"column":32},"end":{"line":32,"column":4}},"3":{"start":{"line":35,"column":6},"end":{"line":35,"column":null}}},"fnMap":{"0":{"name":"(anonymous_0)","decl":{"start":{"line":5,"column":9},"end":{"line":5,"column":32}},"loc":{"start":{"line":5,"column":32},"end":{"line":32,"column":4}}},"1":{"name":"(anonymous_1)","decl":{"start":{"line":34,"column":4},"end":{"line":34,"column":16}},"loc":{"start":{"line":34,"column":38},"end":{"line":36,"column":null}}}},"branchMap":{},"s":{"0":1,"1":1,"2":2,"3":2},"f":{"0":2,"1":2},"b":{}}
}
