TN:
SF:src\App.vue
FN:3,(anonymous_0)
FN:24,(anonymous_1)
FN:26,(anonymous_2)
FN:42,render
FNF:4
FNH:4
FNDA:4,(anonymous_0)
FNDA:2,(anonymous_1)
FNDA:4,(anonymous_2)
FNDA:4,render
DA:3,1
DA:4,4
DA:8,1
DA:11,1
DA:12,1
DA:13,1
DA:14,1
DA:15,1
DA:16,1
DA:17,1
DA:25,2
DA:26,2
DA:27,4
DA:28,2
DA:30,2
DA:32,2
DA:38,1
DA:39,1
DA:40,1
DA:41,1
DA:43,4
DA:44,4
DA:45,4
DA:46,4
DA:54,1
DA:55,1
LF:26
LH:26
BRDA:3,0,0,1
BRDA:3,0,1,1
BRDA:3,0,2,1
BRDA:4,1,0,1
BRDA:4,1,1,3
BRDA:4,2,0,4
BRDA:4,2,1,4
BRDA:27,3,0,2
BRDA:27,3,1,2
BRDA:27,4,0,4
BRDA:27,4,1,4
BRF:11
BRH:11
end_of_record
TN:
SF:src\components\Footer\AppFooter.vue
FN:3,(anonymous_0)
FN:21,(anonymous_1)
FN:23,(anonymous_2)
FN:39,render
FNF:4
FNH:4
FNDA:2,(anonymous_0)
FNDA:3,(anonymous_1)
FNDA:3,(anonymous_2)
FNDA:3,render
DA:3,1
DA:4,2
DA:8,1
DA:11,1
DA:12,1
DA:13,1
DA:14,1
DA:15,1
DA:22,3
DA:23,3
DA:24,3
DA:26,3
DA:31,1
DA:32,1
DA:33,1
DA:34,1
DA:35,1
DA:36,1
DA:37,1
DA:38,1
DA:40,3
DA:41,3
DA:42,3
DA:53,1
DA:54,1
LF:25
LH:25
BRDA:3,0,0,1
BRDA:3,0,1,1
BRDA:3,0,2,1
BRDA:4,1,0,0
BRDA:4,1,1,2
BRDA:4,2,0,2
BRDA:4,2,1,2
BRF:7
BRH:6
end_of_record
TN:
SF:src\components\Header\AppHeader.vue
FN:3,(anonymous_0)
FN:19,(anonymous_1)
FN:21,(anonymous_2)
FN:35,render
FNF:4
FNH:4
FNDA:1,(anonymous_0)
FNDA:2,(anonymous_1)
FNDA:2,(anonymous_2)
FNDA:2,render
DA:3,1
DA:4,1
DA:8,1
DA:11,1
DA:12,1
DA:13,1
DA:14,1
DA:20,2
DA:21,2
DA:22,2
DA:24,2
DA:29,1
DA:30,1
DA:31,1
DA:32,1
DA:33,1
DA:34,1
DA:36,2
DA:37,2
DA:43,1
DA:44,1
LF:21
LH:21
BRDA:3,0,0,1
BRDA:3,0,1,1
BRDA:3,0,2,1
BRDA:4,1,0,0
BRDA:4,1,1,1
BRDA:4,2,0,1
BRDA:4,2,1,1
BRF:7
BRH:6
end_of_record
TN:
SF:src\components\Main\AppMain.vue
FN:16,render
FNF:1
FNH:1
FNDA:2,render
DA:3,1
DA:6,1
DA:7,1
DA:10,1
DA:11,1
DA:12,1
DA:13,1
DA:14,1
DA:15,1
DA:17,2
DA:18,2
DA:24,1
DA:25,1
LF:13
LH:13
BRF:0
BRH:0
end_of_record
TN:
SF:src\stores\store.ts
FNF:0
FNH:0
DA:1,1
DA:2,1
DA:3,1
DA:5,1
DA:6,1
DA:7,1
DA:9,1
LF:7
LH:7
BRF:0
BRH:0
end_of_record
TN:
SF:src\stores\Common\useCopyrightStore.ts
FN:7,(anonymous_0)
FN:11,(anonymous_1)
FNF:2
FNH:2
FNDA:3,(anonymous_0)
FNDA:3,(anonymous_1)
DA:1,1
DA:4,1
DA:7,3
DA:12,3
LF:4
LH:4
BRF:0
BRH:0
end_of_record
TN:
SF:src\stores\Common\useMenuStore.ts
FN:5,(anonymous_0)
FN:34,(anonymous_1)
FNF:2
FNH:2
FNDA:2,(anonymous_0)
FNDA:2,(anonymous_1)
DA:2,1
DA:4,1
DA:5,2
DA:35,2
LF:4
LH:4
BRF:0
BRH:0
end_of_record
